<?xml version="1.0" encoding="UTF-8"?>
<!-- Generated by org.testng.reporters.JUnitXMLReporter -->
<testsuite hostname="SYPULJ53WZ93" ignored="0" name="POC Test" tests="1" failures="0" timestamp="23 Jun 2021 14:05:52 GMT" time="5.019" errors="0">
  <testcase name="@BeforeClass setup" time="4.789" classname="demo.Poc.Testcases.BaseClass">
    <failure type="org.openqa.selenium.SessionNotCreatedException" message="session not created
from disconnected: received Inspector.detached event
  (Session info: chrome=91.0.4472.77)
Build info: version: &amp;apos;3.14.0&amp;apos;, revision: &amp;apos;aacccce0&amp;apos;, time: &amp;apos;2018-08-02T20:19:58.91Z&amp;apos;
System info: host: &amp;apos;SYPULJ53WZ93&amp;apos;, ip: &amp;apos;192.168.1.108&amp;apos;, os.name: &amp;apos;Windows 10&amp;apos;, os.arch: &amp;apos;amd64&amp;apos;, os.version: &amp;apos;10.0&amp;apos;, java.version: &amp;apos;1.8.0_291&amp;apos;
Driver info: driver.version: ChromeDriver
remote stacktrace: Backtrace:
	Ordinal0 [0x0103C013+2474003]
	Ordinal0 [0x00FD29C1+2042305]
	Ordinal0 [0x00EE2F68+1060712]
	Ordinal0 [0x00ED6214+1008148]
	Ordinal0 [0x00ED56E3+1005283]
	Ordinal0 [0x00ED4258+1000024]
	Ordinal0 [0x00ED3DA5+998821]
	Ordinal0 [0x00EDF164+1044836]
	Ordinal0 [0x00ED3D31+998705]
	Ordinal0 [0x00ED4FAF+1003439]
	Ordinal0 [0x00ED4258+1000024]
	Ordinal0 [0x00ED3DA5+998821]
	Ordinal0 [0x00EDCDDA+1035738]
	Ordinal0 [0x00ED3D31+998705]
	Ordinal0 [0x00ED4FAF+1003439]
	Ordinal0 [0x00ED4258+1000024]
	Ordinal0 [0x00ED3DA5+998821]
	Ordinal0 [0x00EDA929+1026345]
	Ordinal0 [0x00ED3D31+998705]
	Ordinal0 [0x00ED4FAF+1003439]
	Ordinal0 [0x00ED4258+1000024]
	Ordinal0 [0x00ED3DA5+998821]
	Ordinal0 [0x00ED9DBC+1023420]
	Ordinal0 [0x00ED3D31+998705]
	Ordinal0 [0x00ED4FAF+1003439]
	Ordinal0 [0x00ED4258+1000024]
	Ordinal0 [0x00ED3DA5+998821]
	Ordinal0 [0x00ECFA5D+981597]
	Ordinal0 [0x00ED3D31+998705]
	Ordinal0 [0x00ED3A85+998021]
	Ordinal0 [0x00ED3829+997417]
	Ordinal0 [0x00EE4090+1065104]
	Ordinal0 [0x00F2B798+1357720]
	Ordinal0 [0x00F28FAA+1347498]
	Ordinal0 [0x00F266DB+1337051]
	Ordinal0 [0x00F03427+1192999]
	Ordinal0 [0x00F042EE+1196782]
	Ordinal0 [0x00F04279+1196665]
	GetHandleVerifier [0x011C96FC+1590332]
	GetHandleVerifier [0x01278614+2306900]
	GetHandleVerifier [0x010C9E93+543699]
	GetHandleVerifier [0x010C92CE+540686]
	Ordinal0 [0x00FD86BA+2066106]
	Ordinal0 [0x00FDD1C8+2085320]
	Ordinal0 [0x00FDD308+2085640]
	Ordinal0 [0x00FE67F3+2123763]
	BaseThreadInitThunk [0x776EFA29+25]
	RtlGetAppContainerNamedObjectPath [0x77987A7E+286]
	RtlGetAppContainerNamedObjectPath [0x77987A4E+238]
">
      <![CDATA[org.openqa.selenium.SessionNotCreatedException: session not created
from disconnected: received Inspector.detached event
  (Session info: chrome=91.0.4472.77)
Build info: version: '3.14.0', revision: 'aacccce0', time: '2018-08-02T20:19:58.91Z'
System info: host: 'SYPULJ53WZ93', ip: '192.168.1.108', os.name: 'Windows 10', os.arch: 'amd64', os.version: '10.0', java.version: '1.8.0_291'
Driver info: driver.version: ChromeDriver
remote stacktrace: Backtrace:
Ordinal0 [0x0103C013+2474003]
Ordinal0 [0x00FD29C1+2042305]
Ordinal0 [0x00EE2F68+1060712]
Ordinal0 [0x00ED6214+1008148]
Ordinal0 [0x00ED56E3+1005283]
Ordinal0 [0x00ED4258+1000024]
Ordinal0 [0x00ED3DA5+998821]
Ordinal0 [0x00EDF164+1044836]
Ordinal0 [0x00ED3D31+998705]
Ordinal0 [0x00ED4FAF+1003439]
Ordinal0 [0x00ED4258+1000024]
Ordinal0 [0x00ED3DA5+998821]
Ordinal0 [0x00EDCDDA+1035738]
Ordinal0 [0x00ED3D31+998705]
Ordinal0 [0x00ED4FAF+1003439]
Ordinal0 [0x00ED4258+1000024]
Ordinal0 [0x00ED3DA5+998821]
Ordinal0 [0x00EDA929+1026345]
Ordinal0 [0x00ED3D31+998705]
Ordinal0 [0x00ED4FAF+1003439]
Ordinal0 [0x00ED4258+1000024]
Ordinal0 [0x00ED3DA5+998821]
Ordinal0 [0x00ED9DBC+1023420]
Ordinal0 [0x00ED3D31+998705]
Ordinal0 [0x00ED4FAF+1003439]
Ordinal0 [0x00ED4258+1000024]
Ordinal0 [0x00ED3DA5+998821]
Ordinal0 [0x00ECFA5D+981597]
Ordinal0 [0x00ED3D31+998705]
Ordinal0 [0x00ED3A85+998021]
Ordinal0 [0x00ED3829+997417]
Ordinal0 [0x00EE4090+1065104]
Ordinal0 [0x00F2B798+1357720]
Ordinal0 [0x00F28FAA+1347498]
Ordinal0 [0x00F266DB+1337051]
Ordinal0 [0x00F03427+1192999]
Ordinal0 [0x00F042EE+1196782]
Ordinal0 [0x00F04279+1196665]
GetHandleVerifier [0x011C96FC+1590332]
GetHandleVerifier [0x01278614+2306900]
GetHandleVerifier [0x010C9E93+543699]
GetHandleVerifier [0x010C92CE+540686]
Ordinal0 [0x00FD86BA+2066106]
Ordinal0 [0x00FDD1C8+2085320]
Ordinal0 [0x00FDD308+2085640]
Ordinal0 [0x00FE67F3+2123763]
BaseThreadInitThunk [0x776EFA29+25]
RtlGetAppContainerNamedObjectPath [0x77987A7E+286]
RtlGetAppContainerNamedObjectPath [0x77987A4E+238]

at org.openqa.selenium.remote.W3CHandshakeResponse.lambda$new$0(W3CHandshakeResponse.java:57)
at org.openqa.selenium.remote.W3CHandshakeResponse.lambda$getResponseFunction$2(W3CHandshakeResponse.java:104)
at org.openqa.selenium.remote.ProtocolHandshake.lambda$createSession$0(ProtocolHandshake.java:122)
at java.util.stream.ReferencePipeline$3$1.accept(Unknown Source)
at java.util.Spliterators$ArraySpliterator.tryAdvance(Unknown Source)
at java.util.stream.ReferencePipeline.forEachWithCancel(Unknown Source)
at java.util.stream.AbstractPipeline.copyIntoWithCancel(Unknown Source)
at java.util.stream.AbstractPipeline.copyInto(Unknown Source)
at java.util.stream.AbstractPipeline.wrapAndCopyInto(Unknown Source)
at java.util.stream.FindOps$FindOp.evaluateSequential(Unknown Source)
at java.util.stream.AbstractPipeline.evaluate(Unknown Source)
at java.util.stream.ReferencePipeline.findFirst(Unknown Source)
at org.openqa.selenium.remote.ProtocolHandshake.createSession(ProtocolHandshake.java:125)
at org.openqa.selenium.remote.ProtocolHandshake.createSession(ProtocolHandshake.java:73)
at org.openqa.selenium.remote.HttpCommandExecutor.execute(HttpCommandExecutor.java:136)
at org.openqa.selenium.remote.service.DriverCommandExecutor.execute(DriverCommandExecutor.java:83)
at org.openqa.selenium.remote.RemoteWebDriver.execute(RemoteWebDriver.java:548)
at org.openqa.selenium.remote.RemoteWebDriver.startSession(RemoteWebDriver.java:212)
at org.openqa.selenium.remote.RemoteWebDriver.<init>(RemoteWebDriver.java:130)
at org.openqa.selenium.chrome.ChromeDriver.<init>(ChromeDriver.java:181)
at org.openqa.selenium.chrome.ChromeDriver.<init>(ChromeDriver.java:168)
at org.openqa.selenium.chrome.ChromeDriver.<init>(ChromeDriver.java:123)
at demo.Poc.Testcases.BaseClass.setup(BaseClass.java:45)
... Removed 30 stack frames]]>
    </failure>
  </testcase> <!-- @BeforeClass setup -->
  <testcase name="@AfterClass tearDown" time="0.0" classname="demo.Poc.Testcases.BaseClass">
    <skipped/>
  </testcase> <!-- @AfterClass tearDown -->
  <testcase name="loginTest" time="0.0" classname="demo.Poc.Testcases.TC_LoginTest_001">
    <skipped/>
  </testcase> <!-- loginTest -->
</testsuite> <!-- POC Test -->
